This is LuaTeX, Version 1.07.0 (TeX Live 2018)  (format=lualatex 2018.12.11)  11 DEC 2018 14:32
 restricted system commands enabled.
**pol_rank.tex
(./pol_rank.tex
LaTeX2e <2018-04-01> patch level 5
Lua module: luaotfload-main 2018-10-28 2.93 luaotfload entry point
Lua module: luaotfload-init 2018-10-28 2.93 luaotfload submodule / initializatio
n
Lua module: lualibs 2018-10-18 2.61 ConTeXt Lua standard libraries.
Lua module: lualibs-extended 2018-10-18 2.61 ConTeXt Lua libraries -- extended c
ollection.
Lua module: luaotfload-log 2018-10-28 2.93 luaotfload submodule / logging
Lua module: luaotfload-parsers 2018-10-28 2.93 luaotfload submodule / filelist
Lua module: luaotfload-configuration 2018-10-28 2.93 luaotfload submodule / conf
ig file reader
luaotfload | conf : Root cache directory is /Users/frankedwards/Library/texlive/
2018/texmf-var/luatex-cache/generic/names.
luaotfload | init : Loading fontloader “fontloader-2018-10-28.lua” from kpse
-resolved path “/usr/local/texlive/2018/texmf-dist/tex/luatex/luaotfload/fontl
oader-2018-10-28.lua”.
Lua-only attribute luaotfload@state = 1
Lua-only attribute luaotfload@noligature = 2
Lua-only attribute luaotfload@syllabe = 3
luaotfload | init : Context OpenType loader version “3.106”
Inserting `luaotfload.node_processor' at position 1 in `pre_linebreak_filter'.
Inserting `luaotfload.node_processor' at position 1 in `hpack_filter'.
Lua module: luaotfload-loaders 2018-10-28 2.93 luaotfload submodule / callback h
andling
Inserting `luaotfload.define_font' at position 1 in `define_font'.
Lua module: luaotfload-database 2018-10-28 2.93 luaotfload submodule / database
Lua module: luaotfload-colors 2018-10-28 2.93 luaotfload submodule / color
Lua-only attribute luaotfload_color_attribute = 4
Lua module: luaotfload-resolvers 2018-10-28 2.93 luaotfload submodule / resolver
s
luaotfload | conf : Root cache directory is /Users/frankedwards/Library/texlive/
2018/texmf-var/luatex-cache/generic/names.
Lua module: luaotfload-features 2018-10-28 2.93 luaotfload submodule / features
Lua module: luaotfload-letterspace 2018-10-28 2.93 luaotfload submodule / color
Lua module: luaotfload-auxiliary 2018-10-28 2.93 luaotfload submodule / auxiliar
y functions
Inserting `luaotfload.aux.set_sscale_dimens' at position 1 in `luaotfload.patch_
font'.
Inserting `luaotfload.aux.patch_cambria_domh' at position 2 in `luaotfload.patch
_font'.
Inserting `luaotfload.aux.fixup_fontdata' at position 1 in `luaotfload.patch_fon
t_unsafe'.
Inserting `luaotfload.aux.set_capheight' at position 3 in `luaotfload.patch_font
'.
Inserting `luaotfload.rewrite_fontname' at position 4 in `luaotfload.patch_font'
.
luaotfload | main : initialization completed in 0.143 seconds

! LaTeX Error: Environment table undefined.

See the LaTeX manual or LaTeX Companion for explanation.
Type  H <return>  for immediate help.
 ...                                              
                                                  
l.3 \begin{table}
               [ht]
Your command was ignored.
Type  I <command> <return>  to replace it with another command,
or  <return>  to continue without it.


! LaTeX Error: Missing \begin{document}.

See the LaTeX manual or LaTeX Companion for explanation.
Type  H <return>  for immediate help.
 ...                                              
                                                  
l.3 \begin{table}[
                ht]
You're in trouble here.  Try typing  <return>  to proceed.
If that doesn't work, type  X <return>  to quit.


! LaTeX Error: \caption outside float.

See the LaTeX manual or LaTeX Companion for explanation.
Type  H <return>  for immediate help.
 ...                                              
                                                  
l.5 \caption
          {Table S3. Police homicide rates by race and sex. Age-specific ris...
You're in trouble here.  Try typing  <return>  to proceed.
If that doesn't work, type  X <return>  to quit.

LaTeX Font Info:    External font `cmex10' loaded for size
(Font)              <7> on input line 6.
LaTeX Font Info:    External font `cmex10' loaded for size
(Font)              <5> on input line 6.

! LaTeX Error: \begin{document} ended by \end{table}.

See the LaTeX manual or LaTeX Companion for explanation.
Type  H <return>  for immediate help.
 ...                                              
                                                  
l.202 \end{table}
               
Your command was ignored.
Type  I <command> <return>  to replace it with another command,
or  <return>  to continue without it.

)
! Emergency stop.
<*> pol_rank.tex
             
*** (job aborted, no legal \end found)



Here is how much of LuaTeX's memory you used:
 22 strings out of 494407
 156265,89155 words of node,token memory allocated 142656 words of node memory still in use:
   1530 hlist, 1 vlist, 194 rule, 187 disc, 1 local_par, 1 dir, 2 math, 7668 glu
e, 3 kern, 8543 glyph, 2877 attribute, 35 glue_spec, 2877 attribute_list, 1 temp
 nodes
   avail lists: 2:2,3:1,4:1,5:11,6:1,7:4,8:1,9:7
 4310 multiletter control sequences out of 65536+600000
 24 fonts using 1213079 bytes
 19i,6n,12p,446b,113s stack positions out of 5000i,500n,10000p,200000b,100000s
!  ==> Fatal error occurred, no output PDF file produced!
